0 info it worked if it ends with ok
1 verbose cli [ '/usr/bin/node', '/usr/bin/npm', 'install' ]
2 info using npm@2.14.9
3 info using node@v0.12.9
4 verbose node symlink /usr/bin/node
5 verbose readDependencies loading dependencies from /home/alibin/dev/nodejs/mean-stack-course/chapter-1/4-examples/package.json
6 error install Couldn't read dependencies
7 verbose stack Error: ENOENT, open '/home/alibin/dev/nodejs/mean-stack-course/chapter-1/4-examples/package.json'
7 verbose stack     at Error (native)
8 verbose cwd /home/alibin/dev/nodejs/mean-stack-course/chapter-1/4-examples
9 error Linux 3.13.0-37-generic
10 error argv "/usr/bin/node" "/usr/bin/npm" "install"
11 error node v0.12.9
12 error npm  v2.14.9
13 error path /home/alibin/dev/nodejs/mean-stack-course/chapter-1/4-examples/package.json
14 error code ENOPACKAGEJSON
15 error errno -2
16 error package.json ENOENT, open '/home/alibin/dev/nodejs/mean-stack-course/chapter-1/4-examples/package.json'
16 error package.json This is most likely not a problem with npm itself.
16 error package.json npm can't find a package.json file in your current directory.
17 verbose exit [ -2, true ]
